[2024-07-17 17:59:32+03:00] INFO: Installer API request received {"method":"GET","endpoint":"checkPhpExtensions"} 
[2024-07-17 17:59:32+03:00] NOTICE: Checking PHP "curl" extension  
ethod":"GET","endpoint":"checkPhpVersion"} 
[2024-07-17 17:59:32+03:00] NOTICE: Trying Winter CMS API  
[2024-07-17 17:59:32+03:00] NOTICE: Compared PHP version {"installed":"8.1.9","needed":"8.0.2"} 
[2024-07-17 17:59:32+03:00] NOTICE: Checking PHP "json" extension  
[2024-07-17 17:59:32+03:00] NOTICE: PHP version requirement met.  
[2024-07-17 17:59:32+03:00] NOTICE: Checking PHP "pdo" extension  
[2024-07-17 17:59:32+03:00] NOTICE: Checking PHP "zip" extension  
[2024-07-17 17:59:32+03:00] NOTICE: Checking PHP "mbstring" extension  
[2024-07-17 17:59:32+03:00] NOTICE: Checking PHP "fileinfo" extension  
[2024-07-17 17:59:32+03:00] NOTICE: Checking PHP "openssl" extension  
[2024-07-17 17:59:32+03:00] NOTICE: Checking PHP "gd" extension  
[2024-07-17 17:59:32+03:00] NOTICE: Checking PHP "filter" extension  
[2024-07-17 17:59:32+03:00] NOTICE: Checking PHP "hash" extension  
[2024-07-17 17:59:32+03:00] NOTICE: Checking PHP "dom" extension  
[2024-07-17 17:59:32+03:00] NOTICE: Required PHP extensions are installed.  
[2024-07-17 17:59:32+03:00] INFO: Winter API request {"method":"GET","uri":"ping"} 
[2024-07-17 17:59:33+03:00] NOTICE: Response received from Winter CMS API {"response":"pong"} 
[2024-07-17 17:59:33+03:00] NOTICE: Winter CMS API connection successful.  
[2024-07-17 17:59:50+03:00] INFO: Installer API request received {"method":"GET","endpoint":"checkWriteAccess"} 
[2024-07-17 17:59:50+03:00] INFO: Installer API request received {"method":"POST","endpoint":"checkDatabase"} 
[2024-07-17 17:59:50+03:00] NOTICE: Creating temporary SQLite DB {"path":"C:\\OSPanel\\domains\\superslider.loc\\.temp.sqlite"} 
[2024-07-17 17:59:50+03:00] NOTICE: Current working directory is writable.  
[2024-07-17 17:59:50+03:00] NOTICE: Check database connection  
[2024-07-17 17:59:50+03:00] NOTICE: Found 0 table(s) {"tables":""} 
[2024-07-17 17:59:50+03:00] NOTICE: Database connection established and verified empty  
[2024-07-17 17:59:54+03:00] INFO: Installer API request received {"method":"POST","endpoint":"downloadWinter"} 
[2024-07-17 17:59:54+03:00] NOTICE: Try downloading Winter CMS archive  
[2024-07-17 17:59:54+03:00] NOTICE: Downloading Winter ZIP via cURL {"url":"https://github.com/wintercms/winter/archive/refs/heads/1.2.zip"} 
[2024-07-17 17:59:57+03:00] NOTICE: Winter CMS ZIP file downloaded {"path":"C:\\OSPanel\\domains\\superslider.loc\\.wintercms\\winter.zip"} 
[2024-07-17 17:59:57+03:00] INFO: Installer API request received {"method":"POST","endpoint":"extractWinter"} 
[2024-07-17 17:59:57+03:00] NOTICE: Begin extracting Winter CMS archive  
[2024-07-17 17:59:59+03:00] NOTICE: Move subfoldered files into position {"subfolder":"winter-1.2/"} 
[2024-07-17 17:59:59+03:00] NOTICE: Remove ZIP subfolder {"subfolder":"winter-1.2/"} 
[2024-07-17 17:59:59+03:00] NOTICE: Make artisan command-line tool executable {"path":"C:\\OSPanel\\domains\\superslider.loc\\.wintercms\\artisan"} 
[2024-07-17 17:59:59+03:00] NOTICE: Move temp SQLite DB into position {"from":"C:\\OSPanel\\domains\\superslider.loc\\.temp.sqlite","to":"C:\\OSPanel\\domains\\superslider.loc\\.wintercms\\storage\\database.sqlite"} 
[2024-07-17 17:59:59+03:00] NOTICE: Remove Composer Merge plugin from composer.json if found  
[2024-07-17 17:59:59+03:00] NOTICE: Found merge plugin in required packages - removing  
[2024-07-17 17:59:59+03:00] NOTICE: Found merge plugin config in "extra" config definition - removing  
[2024-07-17 17:59:59+03:00] INFO: Installer API request received {"method":"POST","endpoint":"lockDependencies"} 
[2024-07-17 17:59:59+03:00] NOTICE: Create Composer instance  
[2024-07-17 17:59:59+03:00] NOTICE: Set memory limit to 1.5GB  
[2024-07-17 17:59:59+03:00] NOTICE: Set work directory for Composer {"path":"C:\\OSPanel\\domains\\superslider.loc\\.wintercms"} 
[2024-07-17 17:59:59+03:00] NOTICE: Create home/cache directory for Composer {"path":"C:\\OSPanel\\domains\\superslider.loc\\.wintercms\\.composer"} 
[2024-07-17 17:59:59+03:00] NOTICE: Set home/cache directory for Composer {"path":"C:\\OSPanel\\domains\\superslider.loc\\.wintercms\\.composer"} 
[2024-07-17 17:59:59+03:00] NOTICE: Run Composer "update" command - generate only a lockfile  
[2024-07-17 18:00:08+03:00] NOTICE: Locked Composer packages {"numPackages":118,"lockFile":"C:\\OSPanel\\domains\\superslider.loc\\.wintercms\\composer.lock"} 
[2024-07-17 18:00:08+03:00] INFO: Installer API request received {"method":"POST","endpoint":"installDependencies"} 
[2024-07-17 18:00:08+03:00] NOTICE: Create Composer instance  
[2024-07-17 18:00:08+03:00] NOTICE: Set memory limit to 1.5GB  
[2024-07-17 18:00:08+03:00] NOTICE: Set work directory for Composer {"path":"C:\\OSPanel\\domains\\superslider.loc\\.wintercms"} 
[2024-07-17 18:00:08+03:00] NOTICE: Set home/cache directory for Composer {"path":"C:\\OSPanel\\domains\\superslider.loc\\.wintercms\\.composer"} 
[2024-07-17 18:00:08+03:00] NOTICE: Run Composer "install" command - install from lockfile  
[2024-07-17 18:00:38+03:00] NOTICE: Installed Composer packages {"numPackages":118} 
[2024-07-17 18:00:38+03:00] INFO: Installer API request received {"method":"POST","endpoint":"setupConfig"} 
[2024-07-17 18:00:38+03:00] NOTICE: Booting Laravel framework  
[2024-07-17 18:00:38+03:00] NOTICE: Loading autoloader  
[2024-07-17 18:00:38+03:00] NOTICE: Bootstrapping kernel  
[2024-07-17 18:00:38+03:00] NOTICE: Rewriting config {"path":"C:\\OSPanel\\domains\\superslider.loc\\.wintercms\\config\\app.php"} 
[2024-07-17 18:00:38+03:00] NOTICE: Rewriting config {"path":"C:\\OSPanel\\domains\\superslider.loc\\.wintercms\\config\\cms.php"} 
[2024-07-17 18:00:38+03:00] NOTICE: Rewriting config {"path":"C:\\OSPanel\\domains\\superslider.loc\\.wintercms\\config\\database.php"} 
[2024-07-17 18:00:39+03:00] INFO: Installer API request received {"method":"POST","endpoint":"runMigrations"} 
[2024-07-17 18:00:39+03:00] NOTICE: Booting Laravel framework  
[2024-07-17 18:00:39+03:00] NOTICE: Loading autoloader  
[2024-07-17 18:00:39+03:00] NOTICE: Bootstrapping kernel  
[2024-07-17 18:00:39+03:00] NOTICE: Running artisan "config:clear" command  
[2024-07-17 18:00:39+03:00] NOTICE: Command finished. {"output":"\n   INFO  Configuration cache cleared successfully.  \n\r\n"} 
[2024-07-17 18:00:39+03:00] NOTICE: Running database migrations  
[2024-07-17 18:00:39+03:00] NOTICE: Command finished. {"output":"Migrating application and plugins...\r\n\r\n   INFO  Migration table created.  \n\r\n\r\nMigrating System module...\r\n\r\n   INFO  Running migrations.  \n\r\n  2013_10_01_000001_Db_Deferred_Bindings ........................... 10ms DONE\r\n  2013_10_01_000002_Db_System_Files ................................. 8ms DONE\r\n  2013_10_01_000003_Db_System_Plugin_Versions ....................... 4ms DONE\r\n  2013_10_01_000004_Db_System_Plugin_History ........................ 6ms DONE\r\n  2013_10_01_000005_Db_System_Settings .............................. 4ms DONE\r\n  2013_10_01_000006_Db_System_Parameters ............................ 4ms DONE\r\n  2013_10_01_000007_Db_System_Add_Disabled_Flag ..................... 2ms DONE\r\n  2013_10_01_000008_Db_System_Mail_Templates ........................ 4ms DONE\r\n  2013_10_01_000009_Db_System_Mail_Layouts .......................... 2ms DONE\r\n  2014_10_01_000010_Db_Jobs ......................................... 3ms DONE\r\n  2014_10_01_000011_Db_System_Event_Logs ............................ 4ms DONE\r\n  2014_10_01_000012_Db_System_Request_Logs .......................... 2ms DONE\r\n  2014_10_01_000013_Db_System_Sessions .............................. 4ms DONE\r\n  2015_10_01_000014_Db_System_Mail_Layout_Rename .................... 1ms DONE\r\n  2015_10_01_000015_Db_System_Add_Frozen_Flag ....................... 2ms DONE\r\n  2015_10_01_000016_Db_Cache ........................................ 4ms DONE\r\n  2015_10_01_000017_Db_System_Revisions ............................. 8ms DONE\r\n  2015_10_01_000018_Db_FailedJobs ................................... 2ms DONE\r\n  2016_10_01_000019_Db_System_Plugin_History_Detail_Text ........... 34ms DONE\r\n  2016_10_01_000020_Db_System_Timestamp_Fix ......................... 1ms DONE\r\n  2017_08_04_121309_Db_Deferred_Bindings_Add_Index_Session .......... 2ms DONE\r\n  2017_10_01_000021_Db_System_Sessions_Update ....................... 6ms DONE\r\n  2017_10_01_000022_Db_Jobs_FailedJobs_Update ...................... 12ms DONE\r\n  2017_10_01_000023_Db_System_Mail_Partials ......................... 2ms DONE\r\n  2017_10_23_000024_Db_System_Mail_Layouts_Add_Options_Field ........ 2ms DONE\r\n  2021_10_01_000025_Db_Add_Pivot_Data_To_Deferred_Bindings .......... 2ms DONE\r\n  2022_08_06_000026_Db_System_Add_App_Birthday_Date ................. 7ms DONE\r\n  2022_10_14_000027_Db_Jobs_FailedJobs_Update ...................... 23ms DONE\r\n  2023_09_24_000028_Db_System_Sessions_Indexes ...................... 4ms DONE\r\n  2023_10_20_000029_Db_Jobs_Batches ................................. 2ms DONE\r\n\r\n\r\nMigrating Backend module...\r\n\r\n   INFO  Running migrations.  \n\r\n  2013_10_01_000001_Db_Backend_Users ............................... 12ms DONE\r\n  2013_10_01_000002_Db_Backend_User_Groups .......................... 4ms DONE\r\n  2013_10_01_000003_Db_Backend_Users_Groups ......................... 2ms DONE\r\n  2013_10_01_000004_Db_Backend_User_Throttle ........................ 6ms DONE\r\n  2014_01_04_000005_Db_Backend_User_Preferences ..................... 4ms DONE\r\n  2014_10_01_000006_Db_Backend_Access_Log ........................... 2ms DONE\r\n  2014_10_01_000007_Db_Backend_Add_Description_Field ................ 9ms DONE\r\n  2015_10_01_000008_Db_Backend_Add_Superuser_Flag ................... 3ms DONE\r\n  2016_10_01_000009_Db_Backend_Timestamp_Fix ........................ 0ms DONE\r\n  2017_10_01_000010_Db_Backend_User_Roles ........................... 6ms DONE\r\n  2018_12_16_000011_Db_Backend_Add_Deleted_At ....................... 0ms DONE\r\n  2023_02_16_000012_Db_Backend_Add_User_Metadata .................... 2ms DONE\r\n  2023_09_09_000013_Db_Backend_Add_Users_Groups_Delete_At ........... 2ms DONE\r\n\r\n\r\nMigrating Cms module...\r\n\r\n   INFO  Running migrations.  \n\r\n  2014_10_01_000001_Db_Cms_Theme_Data ............................... 4ms DONE\r\n  2016_10_01_000002_Db_Cms_Timestamp_Fix ............................ 0ms DONE\r\n  2017_10_01_000003_Db_Cms_Theme_Logs ............................... 8ms DONE\r\n  2018_11_01_000001_Db_Cms_Theme_Templates .......................... 6ms DONE\r\n\r\n\r\nSeeding System module...\r\n\r\n   INFO  Seeded System.  \n\r\n\r\nSeeding Backend module...\r\n\r\n   INFO  Seeded Backend.  \n\r\nMigrating Winter Demo (Winter.Demo) plugin...\r\n\r\n   INFO  Running migrations.  \n\r\n  1.0.1:    First version of Demo ................................... 5ms DONE\r\n\r\n\r\n   INFO  Migration complete.  \n\r\n   INFO  \\Backend\\Database\\Seeds\\DatabaseSeeder reported the following:  \n\r\n    - The following password has been automatically generated for the \"admin\" account: K6Vkch4eL0wL0OpG1mgI5h\r\n\r\n"} 
[2024-07-17 18:00:39+03:00] INFO: Installer API request received {"method":"POST","endpoint":"createAdmin"} 
[2024-07-17 18:00:39+03:00] NOTICE: Booting Laravel framework  
[2024-07-17 18:00:39+03:00] NOTICE: Loading autoloader  
[2024-07-17 18:00:39+03:00] NOTICE: Bootstrapping kernel  
[2024-07-17 18:00:40+03:00] NOTICE: Finding initial admin account  
[2024-07-17 18:00:40+03:00] NOTICE: Changing admin account to details provided in installation  
[2024-07-17 18:00:40+03:00] INFO: Installer API request received {"method":"POST","endpoint":"cleanUp"} 
[2024-07-17 18:00:40+03:00] NOTICE: Removing installation files  
[2024-07-17 18:00:40+03:00] NOTICE: Removing temporary installation folders  
[2024-07-17 18:00:41+03:00] NOTICE: Removing core development files  
[2024-07-17 18:00:41+03:00] NOTICE: Moving files from temporary work directory to final installation path {"workDir":"C:\\OSPanel\\domains\\superslider.loc\\.wintercms","installDir":"C:\\OSPanel\\domains\\superslider.loc"} 
[2024-07-17 18:00:41+03:00] NOTICE: Removing work directory  
[2024-07-17 18:00:41+03:00] NOTICE: Installation complete!  
